2023-07-20 15:40:00,524 INFO csv_path: /mnt/a/workspace/repository/nld-floorplan-segmentation/src/datasets/dataset.csv
2023-07-20 15:40:00,525 INFO log_dir: /mnt/a/workspace/repository/nld-floorplan-segmentation/logs/2023-07-20/15-40
2023-07-20 15:40:00,525 INFO image_resize: (256, 256)
2023-07-20 15:40:00,525 INFO device_id: ['0', '1']
2023-07-20 15:40:00,525 INFO epochs: 100
2023-07-20 15:40:00,525 INFO train_batch: 128
2023-07-20 15:40:00,525 INFO valid_batch: 64
2023-07-20 15:40:00,525 INFO base_lr: 1e-06
2023-07-20 15:40:00,525 INFO workers: 8
2023-07-20 15:40:00,525 INFO criterion: BalancedBCEWithLogitsLoss
2023-07-20 15:40:00,525 INFO optimizer: MADGRAD
2023-07-20 15:40:00,525 INFO momentum: 0.9
2023-07-20 15:40:00,525 INFO weight_decay: 0.0006
2023-07-20 15:40:00,525 INFO valid_term: 5
2023-07-20 15:40:00,525 INFO early_stop: 5
2023-07-20 15:40:00,525 INFO seed: 0
2023-07-20 15:40:00,525 INFO milestones: [15, 25, 30]
2023-07-20 15:40:00,526 INFO warmup: 25
2023-07-20 15:40:00,526 INFO valid_initial: true
2023-07-20 15:40:00,526 INFO n_classes: 7
2023-07-20 15:40:00,526 INFO architecture: UNetPlusPlus
2023-07-20 15:40:00,526 INFO encoder: resnet34
2023-07-20 15:40:00,526 INFO weights: imagenet
2023-07-20 15:40:00,526 INFO in_channels: 1
2023-07-20 15:40:00,526 INFO resume: None
2023-07-20 15:40:00,526 INFO padding: 20
2023-07-20 15:40:00,526 INFO gpus: 0,1
2023-07-20 15:40:39,093 INFO init valid loss & mIoU: 0.1466, 0.0369
2023-07-20 15:49:58,037 INFO Epoch: 000	LR: 0.00000100	Loss: 0.00013340	
2023-07-20 15:50:25,057 INFO best loss: 0.08408716740086675    best mIoU: 0.4006671780611487
2023-07-20 15:50:25,539 INFO Validation loss updates (0.146611 --> 0.084087).
2023-07-20 15:50:25,539 INFO Validation mIoU updates (0.0369 --> 0.400667.  Saving model ...
2023-07-20 15:59:41,892 INFO Epoch: 001	LR: 0.00000100	Loss: 0.00009428	
2023-07-20 16:08:57,830 INFO Epoch: 002	LR: 0.00000100	Loss: 0.00007123	
2023-07-20 16:09:25,168 INFO best loss: 0.04519389569759369    best mIoU: 0.6312842962135261
2023-07-20 16:09:26,329 INFO Validation loss updates (0.084087 --> 0.045194).
2023-07-20 16:09:26,329 INFO Validation mIoU updates (0.4007 --> 0.631284.  Saving model ...
2023-07-20 16:18:42,367 INFO Epoch: 003	LR: 0.00000100	Loss: 0.00005779	
2023-07-20 16:27:57,438 INFO Epoch: 004	LR: 0.00000100	Loss: 0.00004566	
2023-07-20 16:37:12,170 INFO Epoch: 005	LR: 0.00000100	Loss: 0.00003877	
2023-07-20 16:46:27,356 INFO Epoch: 006	LR: 0.00000100	Loss: 0.00003213	
2023-07-20 16:55:42,129 INFO Epoch: 007	LR: 0.00000100	Loss: 0.00002710	
2023-07-20 17:04:56,616 INFO Epoch: 008	LR: 0.00000100	Loss: 0.00002340	
2023-07-20 17:05:23,694 INFO best loss: 0.015199989429675043    best mIoU: 0.8429317532014454
2023-07-20 17:05:25,077 INFO Validation loss updates (0.045194 --> 0.015200).
2023-07-20 17:05:25,077 INFO Validation mIoU updates (0.6313 --> 0.842932.  Saving model ...
2023-07-20 17:14:40,207 INFO Epoch: 009	LR: 0.00000100	Loss: 0.00002119	
